<?xml version="1.0" encoding="UTF-8"?>
<testsuite name="GenModelTest" tests="1" skipped="0" failures="0" errors="0" timestamp="2019-03-22T12:42:41" hostname="DESKTOP-S4B2J4C" time="0.27">
  <properties/>
  <testcase name="testModel" classname="GenModelTest" time="0.27"/>
  <system-out><![CDATA[]]></system-out>
  <system-err><![CDATA[]]></system-err>
</testsuite>
